
> vibe-generated-app@1.0.0 dev
> vite


  VITE v5.4.20  ready in 558 ms

  ➜  Local:   http://localhost:3000/
  ➜  Network: http://172.20.29.208:3000/
6:45:01 AM [vite] Pre-transform error: Transform failed with 1 error:
/home/workspace/src/components/CTA.jsx:26:58: ERROR: Expected ")" but found "as"
6:45:02 AM [vite] Internal server error: Transform failed with 1 error:
/home/workspace/src/components/CTA.jsx:26:58: ERROR: Expected ")" but found "as"
  Plugin: vite:esbuild
  File: /home/workspace/src/components/CTA.jsx:26:58
  
  Expected ")" but found "as"
  24 |                    e.preventDefault()
  25 |                    const data = new FormData(e.currentTarget)
  26 |                    const params = new URLSearchParams(data as any)
     |                                                            ^
  27 |                    window.location.href = `mailto:hello@cellforge.bio?subject=Cell%20Forge%20Demo%20Request&body=${encodeURIComponent(params.toString())}`
  28 |                  }}
  
      at failureErrorWithLog (/home/workspace/node_modules/esbuild/lib/main.js:1472:15)
      at /home/workspace/node_modules/esbuild/lib/main.js:755:50
      at responseCallbacks.<computed> (/home/workspace/node_modules/esbuild/lib/main.js:622:9)
      at handleIncomingPacket (/home/workspace/node_modules/esbuild/lib/main.js:677:12)
      at Socket.readFromStdout (/home/workspace/node_modules/esbuild/lib/main.js:600:7)
      at Socket.emit (node:events:508:28)
      at addChunk (node:internal/streams/readable:559:12)
      at readableAddChunkPushByteMode (node:internal/streams/readable:510:3)
      at Readable.push (node:internal/streams/readable:390:5)
      at Pipe.onStreamRead (node:internal/stream_base_commons:189:23)
6:45:03 AM [vite] ✨ new dependencies optimized: lucide-react, @splinetool/react-spline
6:45:03 AM [vite] ✨ optimized dependencies changed. reloading
6:45:03 AM [vite] Pre-transform error: Transform failed with 1 error:
/home/workspace/src/components/CTA.jsx:26:58: ERROR: Expected ")" but found "as"
6:45:05 AM [vite] Internal server error: Transform failed with 1 error:
/home/workspace/src/components/CTA.jsx:26:58: ERROR: Expected ")" but found "as"
  Plugin: vite:esbuild
  File: /home/workspace/src/components/CTA.jsx:26:58
  
  Expected ")" but found "as"
  24 |                    e.preventDefault()
  25 |                    const data = new FormData(e.currentTarget)
  26 |                    const params = new URLSearchParams(data as any)
     |                                                            ^
  27 |                    window.location.href = `mailto:hello@cellforge.bio?subject=Cell%20Forge%20Demo%20Request&body=${encodeURIComponent(params.toString())}`
  28 |                  }}
  
      at failureErrorWithLog (/home/workspace/node_modules/esbuild/lib/main.js:1472:15)
      at /home/workspace/node_modules/esbuild/lib/main.js:755:50
      at responseCallbacks.<computed> (/home/workspace/node_modules/esbuild/lib/main.js:622:9)
      at handleIncomingPacket (/home/workspace/node_modules/esbuild/lib/main.js:677:12)
      at Socket.readFromStdout (/home/workspace/node_modules/esbuild/lib/main.js:600:7)
      at Socket.emit (node:events:508:28)
      at addChunk (node:internal/streams/readable:559:12)
      at readableAddChunkPushByteMode (node:internal/streams/readable:510:3)
      at Readable.push (node:internal/streams/readable:390:5)
      at Pipe.onStreamRead (node:internal/stream_base_commons:189:23)
6:45:20 AM [vite] Internal server error: Transform failed with 1 error:
/home/workspace/src/components/CTA.jsx:26:58: ERROR: Expected ")" but found "as"
  Plugin: vite:esbuild
  File: /home/workspace/src/components/CTA.jsx:26:58
  
  Expected ")" but found "as"
  24 |                    e.preventDefault()
  25 |                    const data = new FormData(e.currentTarget)
  26 |                    const params = new URLSearchParams(data as any)
     |                                                            ^
  27 |                    window.location.href = `mailto:hello@cellforge.bio?subject=Cell%20Forge%20Demo%20Request&body=${encodeURIComponent(params.toString())}`
  28 |                  }}
  
      at failureErrorWithLog (/home/workspace/node_modules/esbuild/lib/main.js:1472:15)
      at /home/workspace/node_modules/esbuild/lib/main.js:755:50
      at responseCallbacks.<computed> (/home/workspace/node_modules/esbuild/lib/main.js:622:9)
      at handleIncomingPacket (/home/workspace/node_modules/esbuild/lib/main.js:677:12)
      at Socket.readFromStdout (/home/workspace/node_modules/esbuild/lib/main.js:600:7)
      at Socket.emit (node:events:508:28)
      at addChunk (node:internal/streams/readable:559:12)
      at readableAddChunkPushByteMode (node:internal/streams/readable:510:3)
      at Readable.push (node:internal/streams/readable:390:5)
      at Pipe.onStreamRead (node:internal/stream_base_commons:189:23)
